TN:
SF:src\entities\discount.ts
FN:4,(anonymous_0)
FNF:1
FNH:1
FNDA:6,(anonymous_0)
DA:1,2
DA:2,10
DA:5,6
DA:6,6
DA:10,2
DA:11,1
DA:14,2
DA:15,1
DA:18,2
LF:9
LH:9
BRF:0
BRH:0
end_of_record
TN:
SF:src\entities\order.ts
FN:10,(anonymous_0)
FN:17,(anonymous_1)
FN:21,(anonymous_2)
FNF:3
FNH:3
FNDA:5,(anonymous_0)
FNDA:2,(anonymous_1)
FNDA:5,(anonymous_2)
DA:7,1
DA:8,5
DA:11,5
DA:12,5
DA:13,5
DA:14,5
DA:18,2
DA:22,5
DA:23,1
DA:24,1
DA:27,4
DA:28,4
DA:31,4
DA:32,4
DA:34,4
LF:15
LH:15
BRDA:22,0,0,1
BRDA:22,0,1,4
BRF:2
BRH:2
end_of_record
TN:
SF:src\entities\product.ts
FN:4,(anonymous_0)
FNF:1
FNH:1
FNDA:1,(anonymous_0)
DA:3,1
DA:5,1
DA:6,1
LF:3
LH:3
BRF:0
BRH:0
end_of_record
TN:
SF:src\entities\shopping-cart.ts
FN:8,(anonymous_0)
FN:10,(anonymous_1)
FN:14,(anonymous_2)
FN:18,(anonymous_3)
FN:22,(anonymous_4)
FN:24,(anonymous_5)
FN:28,(anonymous_6)
FN:32,(anonymous_7)
FN:36,(anonymous_8)
FNF:9
FNH:9
FNDA:7,(anonymous_0)
FNDA:12,(anonymous_1)
FNDA:2,(anonymous_2)
FNDA:5,(anonymous_3)
FNDA:5,(anonymous_4)
FNDA:10,(anonymous_5)
FNDA:3,(anonymous_6)
FNDA:3,(anonymous_7)
FNDA:1,(anonymous_8)
DA:5,1
DA:6,7
DA:8,7
DA:11,12
DA:15,2
DA:19,5
DA:23,5
DA:24,10
DA:29,3
DA:33,3
DA:37,1
DA:38,1
LF:12
LH:12
BRF:0
BRH:0
end_of_record
TN:
SF:src\entities\interfaces\customer.ts
FN:14,(anonymous_0)
FN:20,(anonymous_1)
FN:24,(anonymous_2)
FN:35,(anonymous_3)
FN:40,(anonymous_4)
FN:44,(anonymous_5)
FNF:6
FNH:6
FNDA:2,(anonymous_0)
FNDA:1,(anonymous_1)
FNDA:1,(anonymous_2)
FNDA:2,(anonymous_3)
FNDA:1,(anonymous_4)
FNDA:1,(anonymous_5)
DA:7,1
DA:15,2
DA:16,2
DA:17,2
DA:21,1
DA:25,1
DA:29,1
DA:36,2
DA:37,2
DA:41,1
DA:45,1
LF:11
LH:11
BRF:0
BRH:0
end_of_record
TN:
SF:src\entities\interfaces\order-mocks.ts
FN:9,(anonymous_0)
FN:12,(anonymous_1)
FN:13,(anonymous_2)
FN:14,(anonymous_3)
FN:17,(anonymous_4)
FN:20,(anonymous_5)
FN:23,(anonymous_6)
FN:27,(anonymous_7)
FN:31,(anonymous_8)
FN:35,(anonymous_9)
FN:39,(anonymous_10)
FNF:11
FNH:11
FNDA:1,(anonymous_0)
FNDA:1,(anonymous_1)
FNDA:1,(anonymous_2)
FNDA:1,(anonymous_3)
FNDA:4,(anonymous_4)
FNDA:3,(anonymous_5)
FNDA:4,(anonymous_6)
FNDA:4,(anonymous_7)
FNDA:4,(anonymous_8)
FNDA:4,(anonymous_9)
FNDA:4,(anonymous_10)
DA:8,2
DA:10,1
DA:15,1
DA:18,4
DA:21,3
DA:26,2
DA:30,2
DA:34,2
DA:36,4
DA:40,4
LF:10
LH:10
BRF:0
BRH:0
end_of_record
TN:
SF:src\services\messaging.ts
FN:4,(anonymous_0)
FNF:1
FNH:1
FNDA:3,(anonymous_0)
DA:3,1
DA:5,3
LF:2
LH:2
BRF:0
BRH:0
end_of_record
TN:
SF:src\services\persistency.ts
FN:4,(anonymous_0)
FNF:1
FNH:1
FNDA:3,(anonymous_0)
DA:3,1
DA:5,3
LF:2
LH:2
BRF:0
BRH:0
end_of_record
